2025-03-12T08:02:18.876Z info: Fetching user with id 5
2025-03-12T08:02:24.961Z info: Fetching all users
2025-03-12T08:08:24.046Z info: Fetching all products
2025-03-12T08:09:22.839Z info: Fetching all products
2025-03-12T08:26:20.442Z info: Fetching all products
2025-03-12T08:26:21.497Z info: Fetching all products
2025-03-26T09:09:07.919Z info: Fetching all products
2025-03-26T09:09:07.942Z error: Error
    at PromisePool.query (C:\Users\emanu\Git\MEDT_StockManager\backend\node_modules\mysql2\lib\promise\pool.js:36:22)
    at getProducts (file:///C:/Users/emanu/Git/MEDT_StockManager/backend/services/productService.js:4:31)
    at file:///C:/Users/emanu/Git/MEDT_StockManager/backend/routes/v1/products.js:12:28
    at file:///C:/Users/emanu/Git/MEDT_StockManager/backend/utils/asyncHandler.js:3:21
    at Layer.handle [as handle_request] (C:\Users\emanu\Git\MEDT_StockManager\backend\node_modules\express\lib\router\layer.js:95:5)
    at next (C:\Users\emanu\Git\MEDT_StockManager\backend\node_modules\express\lib\router\route.js:149:13)
    at Route.dispatch (C:\Users\emanu\Git\MEDT_StockManager\backend\node_modules\express\lib\router\route.js:119:3)
    at Layer.handle [as handle_request] (C:\Users\emanu\Git\MEDT_StockManager\backend\node_modules\express\lib\router\layer.js:95:5)
    at C:\Users\emanu\Git\MEDT_StockManager\backend\node_modules\express\lib\router\index.js:284:15
    at Function.process_params (C:\Users\emanu\Git\MEDT_StockManager\backend\node_modules\express\lib\router\index.js:346:12)
2025-03-26T09:09:43.309Z info: Fetching all products
2025-03-26T09:36:36.803Z info: Fetching all users
2025-03-26T09:37:13.679Z info: Fetching all users
2025-03-26T09:54:22.030Z info: Fetching all products
2025-03-26T14:08:36.299Z info: Fetching all categories
2025-03-26T14:21:15.869Z info: Fetching all categories
2025-03-26T14:22:30.629Z info: Fetching all users
2025-04-09T06:45:42.296Z info: Fetching all users
2025-06-05T07:05:25.785Z info: Fetching all users
2025-06-05T12:49:36.637Z info: Fetching all users
2025-06-05T17:19:39.877Z info: Fetching all categories
2025-06-05T17:19:39.897Z error: Error
    at PromisePool.query (D:\Git\MEDT_HOEF_Stockmanager\backend\node_modules\mysql2\lib\promise\pool.js:36:22)
    at getCategories (file:///D:/Git/MEDT_HOEF_Stockmanager/backend/services/categoryService.js:4:31)
    at file:///D:/Git/MEDT_HOEF_Stockmanager/backend/routes/v1/categories.js:12:30
    at file:///D:/Git/MEDT_HOEF_Stockmanager/backend/utils/asyncHandler.js:3:21
    at Layer.handle [as handle_request] (D:\Git\MEDT_HOEF_Stockmanager\backend\node_modules\express\lib\router\layer.js:95:5)
    at next (D:\Git\MEDT_HOEF_Stockmanager\backend\node_modules\express\lib\router\route.js:149:13)
    at Route.dispatch (D:\Git\MEDT_HOEF_Stockmanager\backend\node_modules\express\lib\router\route.js:119:3)
    at Layer.handle [as handle_request] (D:\Git\MEDT_HOEF_Stockmanager\backend\node_modules\express\lib\router\layer.js:95:5)
    at D:\Git\MEDT_HOEF_Stockmanager\backend\node_modules\express\lib\router\index.js:284:15
    at Function.process_params (D:\Git\MEDT_HOEF_Stockmanager\backend\node_modules\express\lib\router\index.js:346:12)
2025-06-05T17:19:50.301Z info: Fetching all products
2025-06-05T17:19:50.304Z error: Error
    at PromisePool.query (D:\Git\MEDT_HOEF_Stockmanager\backend\node_modules\mysql2\lib\promise\pool.js:36:22)
    at getProducts (file:///D:/Git/MEDT_HOEF_Stockmanager/backend/services/productService.js:4:31)
    at file:///D:/Git/MEDT_HOEF_Stockmanager/backend/routes/v1/products.js:12:28
    at file:///D:/Git/MEDT_HOEF_Stockmanager/backend/utils/asyncHandler.js:3:21
    at Layer.handle [as handle_request] (D:\Git\MEDT_HOEF_Stockmanager\backend\node_modules\express\lib\router\layer.js:95:5)
    at next (D:\Git\MEDT_HOEF_Stockmanager\backend\node_modules\express\lib\router\route.js:149:13)
    at Route.dispatch (D:\Git\MEDT_HOEF_Stockmanager\backend\node_modules\express\lib\router\route.js:119:3)
    at Layer.handle [as handle_request] (D:\Git\MEDT_HOEF_Stockmanager\backend\node_modules\express\lib\router\layer.js:95:5)
    at D:\Git\MEDT_HOEF_Stockmanager\backend\node_modules\express\lib\router\index.js:284:15
    at Function.process_params (D:\Git\MEDT_HOEF_Stockmanager\backend\node_modules\express\lib\router\index.js:346:12)
2025-06-05T17:19:56.288Z info: Fetching all users
2025-06-05T17:19:56.293Z error: Error
    at PromisePool.query (D:\Git\MEDT_HOEF_Stockmanager\backend\node_modules\mysql2\lib\promise\pool.js:36:22)
    at getUsers (file:///D:/Git/MEDT_HOEF_Stockmanager/backend/services/userService.js:5:31)
    at file:///D:/Git/MEDT_HOEF_Stockmanager/backend/routes/v1/users.js:12:25
    at file:///D:/Git/MEDT_HOEF_Stockmanager/backend/utils/asyncHandler.js:3:21
    at Layer.handle [as handle_request] (D:\Git\MEDT_HOEF_Stockmanager\backend\node_modules\express\lib\router\layer.js:95:5)
    at next (D:\Git\MEDT_HOEF_Stockmanager\backend\node_modules\express\lib\router\route.js:149:13)
    at Route.dispatch (D:\Git\MEDT_HOEF_Stockmanager\backend\node_modules\express\lib\router\route.js:119:3)
    at Layer.handle [as handle_request] (D:\Git\MEDT_HOEF_Stockmanager\backend\node_modules\express\lib\router\layer.js:95:5)
    at D:\Git\MEDT_HOEF_Stockmanager\backend\node_modules\express\lib\router\index.js:284:15
    at Function.process_params (D:\Git\MEDT_HOEF_Stockmanager\backend\node_modules\express\lib\router\index.js:346:12)
2025-06-05T17:42:45.849Z info: Fetching all users
2025-06-05T17:42:45.875Z error: Error
    at PromisePool.query (D:\Git\MEDT_HOEF_Stockmanager\backend\node_modules\mysql2\lib\promise\pool.js:36:22)
    at getUsers (file:///D:/Git/MEDT_HOEF_Stockmanager/backend/services/userService.js:5:31)
    at file:///D:/Git/MEDT_HOEF_Stockmanager/backend/routes/v1/users.js:12:25
    at file:///D:/Git/MEDT_HOEF_Stockmanager/backend/utils/asyncHandler.js:3:21
    at Layer.handle [as handle_request] (D:\Git\MEDT_HOEF_Stockmanager\backend\node_modules\express\lib\router\layer.js:95:5)
    at next (D:\Git\MEDT_HOEF_Stockmanager\backend\node_modules\express\lib\router\route.js:149:13)
    at Route.dispatch (D:\Git\MEDT_HOEF_Stockmanager\backend\node_modules\express\lib\router\route.js:119:3)
    at Layer.handle [as handle_request] (D:\Git\MEDT_HOEF_Stockmanager\backend\node_modules\express\lib\router\layer.js:95:5)
    at D:\Git\MEDT_HOEF_Stockmanager\backend\node_modules\express\lib\router\index.js:284:15
    at Function.process_params (D:\Git\MEDT_HOEF_Stockmanager\backend\node_modules\express\lib\router\index.js:346:12)
2025-06-05T17:49:27.669Z info: Fetching all users
2025-06-05T17:49:27.672Z error: Error
    at PromisePool.query (D:\Git\MEDT_HOEF_Stockmanager\backend\node_modules\mysql2\lib\promise\pool.js:36:22)
    at getUsers (file:///D:/Git/MEDT_HOEF_Stockmanager/backend/services/userService.js:5:31)
    at file:///D:/Git/MEDT_HOEF_Stockmanager/backend/routes/v1/users.js:12:25
    at file:///D:/Git/MEDT_HOEF_Stockmanager/backend/utils/asyncHandler.js:3:21
    at Layer.handle [as handle_request] (D:\Git\MEDT_HOEF_Stockmanager\backend\node_modules\express\lib\router\layer.js:95:5)
    at next (D:\Git\MEDT_HOEF_Stockmanager\backend\node_modules\express\lib\router\route.js:149:13)
    at Route.dispatch (D:\Git\MEDT_HOEF_Stockmanager\backend\node_modules\express\lib\router\route.js:119:3)
    at Layer.handle [as handle_request] (D:\Git\MEDT_HOEF_Stockmanager\backend\node_modules\express\lib\router\layer.js:95:5)
    at D:\Git\MEDT_HOEF_Stockmanager\backend\node_modules\express\lib\router\index.js:284:15
    at Function.process_params (D:\Git\MEDT_HOEF_Stockmanager\backend\node_modules\express\lib\router\index.js:346:12)
2025-06-05T17:50:30.378Z info: Fetching all users
2025-06-07T08:25:11.860Z info: Fetching all products
